<?xml version="1.0" encoding="UTF-8"?>
<!-- Generated by org.testng.reporters.JUnitReportReporter -->
<testsuite hostname="DESKTOP-MD0BEV7" failures="0" tests="1" name="base.BaseSetup" time="7.375" errors="0" timestamp="10 Jan 2025 15:42:07 GMT">
  <testcase classname="base.BaseSetup" name="Login" time="7.375"/>
</testsuite> <!-- base.BaseSetup -->
