<?xml version="1.0" encoding="UTF-8"?>
<!-- Generated by org.testng.reporters.JUnitReportReporter -->
<testsuite hostname="DESKTOP-MD0BEV7" failures="0" tests="5" name="ServiceHealth.VerifyServiceHealth" time="31.764" errors="0" timestamp="23 Jan 2025 08:14:38 GMT">
  <testcase classname="ServiceHealth.VerifyServiceHealth" name="validateOnDashboardTest" time="4.850"/>
  <testcase classname="ServiceHealth.VerifyServiceHealth" name="verifyRuleConfigurationFilterTest" time="2.136"/>
  <testcase classname="ServiceHealth.VerifyServiceHealth" name="validateOnRuleConfigurationTest" time="1.588"/>
  <testcase classname="ServiceHealth.VerifyServiceHealth" name="navigateToNetSingularity" time="20.130"/>
  <testcase classname="ServiceHealth.VerifyServiceHealth" name="verifyCustomerServiceMonitoringTest" time="3.060"/>
</testsuite> <!-- ServiceHealth.VerifyServiceHealth -->
