<?xml version="1.0" encoding="UTF-8"?>
<!-- Generated by org.testng.reporters.JUnitReportReporter -->
<testsuite hostname="DESKTOP-MD0BEV7" failures="0" tests="4" name="TrialManagement.VerifyTrialManagement" time="69.072" errors="0" timestamp="23 Jan 2025 12:01:03 GMT">
  <testcase classname="TrialManagement.VerifyTrialManagement" name="navigateToNetSingularity" time="20.431"/>
  <testcase classname="TrialManagement.VerifyTrialManagement" name="verifyHomePageComponents" time="11.459"/>
  <testcase classname="TrialManagement.VerifyTrialManagement" name="navigateToDashboardFromWorkOrderPage" time="9.316"/>
  <testcase classname="TrialManagement.VerifyTrialManagement" name="verifyTrialWorkorderFilter" time="27.866"/>
</testsuite> <!-- TrialManagement.VerifyTrialManagement -->
