<?xml version="1.0" encoding="UTF-8"?>
<!-- Generated by org.testng.reporters.JUnitReportReporter -->
<testsuite hostname="DESKTOP-MD0BEV7" failures="0" tests="1" name="CustomerCare.tryclass" time="0.028" errors="0" timestamp="16 Jan 2025 11:55:39 GMT">
  <testcase classname="CustomerCare.tryclass" name="simpleTestCase" time="0.028"/>
</testsuite> <!-- CustomerCare.tryclass -->
