<?xml version="1.0" encoding="UTF-8"?>
<!-- Generated by org.testng.reporters.JUnitReportReporter -->
<testsuite hostname="DESKTOP-MD0BEV7" failures="0" tests="6" name="CustomerCare.VerifyCustomerCare" time="84.376" errors="0" timestamp="23 Jan 2025 08:11:47 GMT">
  <testcase classname="CustomerCare.VerifyCustomerCare" name="navigateToDashboardFromGis" time="3.900"/>
  <testcase classname="CustomerCare.VerifyCustomerCare" name="verifySearchGeographyTest" time="7.644"/>
  <testcase classname="CustomerCare.VerifyCustomerCare" name="createTasks" time="46.148"/>
  <testcase classname="CustomerCare.VerifyCustomerCare" name="ValidateOnCustomer360Test" time="0.630"/>
  <testcase classname="CustomerCare.VerifyCustomerCare" name="validateOnDashboardTest" time="7.981"/>
  <testcase classname="CustomerCare.VerifyCustomerCare" name="navigateToApplicationTest" time="18.073"/>
</testsuite> <!-- CustomerCare.VerifyCustomerCare -->
