<?xml version="1.0" encoding="UTF-8"?>
<!-- Generated by org.testng.reporters.JUnitReportReporter -->
<testsuite hostname="DESKTOP-MD0BEV7" failures="0" tests="4" name="CaseManagement.ValidatingElements" time="19.783" errors="0" timestamp="21 Jan 2025 15:47:00 GMT">
  <testcase classname="CaseManagement.ValidatingElements" name="ValidateUserOnCasesListModuleTest" time="1.080"/>
  <testcase classname="CaseManagement.ValidatingElements" name="navigateToApplicationTest" time="14.100"/>
  <testcase classname="CaseManagement.ValidatingElements" name="ValidateUserOnCasesModuleTest" time="3.271"/>
  <testcase classname="CaseManagement.ValidatingElements" name="ValidateUserOnDashboardTest" time="1.332"/>
</testsuite> <!-- CaseManagement.ValidatingElements -->
