<?xml version="1.0" encoding="UTF-8"?>
<!-- Generated by org.testng.reporters.JUnitReportReporter -->
<testsuite hostname="DESKTOP-MD0BEV7" failures="0" tests="6" name="CustomerCare.VerifyCustomerCare" time="98.572" errors="0" timestamp="22 Jan 2025 15:49:14 GMT">
  <testcase classname="CustomerCare.VerifyCustomerCare" name="navigateToDashboardFromGis" time="3.963"/>
  <testcase classname="CustomerCare.VerifyCustomerCare" name="verifySearchGeographyTest" time="8.716"/>
  <testcase classname="CustomerCare.VerifyCustomerCare" name="createTasks" time="55.004"/>
  <testcase classname="CustomerCare.VerifyCustomerCare" name="ValidateOnCustomer360Test" time="0.913"/>
  <testcase classname="CustomerCare.VerifyCustomerCare" name="validateOnDashboardTest" time="7.553"/>
  <testcase classname="CustomerCare.VerifyCustomerCare" name="navigateToApplicationTest" time="22.423"/>
</testsuite> <!-- CustomerCare.VerifyCustomerCare -->
